<?xml version="1.0" encoding="UTF-8"?>
<!-- Generated by org.testng.reporters.JUnitReportReporter -->
<testsuite hostname="Shopse-396" failures="0" tests="1" name="learning.PS2" time="0.009" errors="0" timestamp="20 Jul 2024 18:32:10 GMT">
  <testcase classname="learning.PS2" name="testRun" time="0.009"/>
</testsuite> <!-- learning.PS2 -->
